<?xml version="1.0" encoding="UTF-8"?>
<testsuite xmlns:xsi="http://www.w3.org/2001/XMLSchema-instance" xsi:noNamespaceSchemaLocation="https://maven.apache.org/surefire/maven-surefire-plugin/xsd/surefire-test-report-3.0.xsd" version="3.0" name="XMLParseByDom4jTest" time="0.503" tests="3" errors="0" skipped="0" failures="0">
  <properties>
    <property name="java.specification.version" value="17"/>
    <property name="sun.cpu.isalist" value="amd64"/>
    <property name="sun.jnu.encoding" value="GBK"/>
    <property name="java.class.path" value="D:\work\myselfmybatis\target\test-classes;D:\work\myselfmybatis\target\classes;D:\maven-repo\org\dom4j\dom4j\2.1.3\dom4j-2.1.3.jar;D:\maven-repo\jaxen\jaxen\1.2.0\jaxen-1.2.0.jar;D:\maven-repo\mysql\mysql-connector-java\8.0.30\mysql-connector-java-8.0.30.jar;D:\maven-repo\com\google\protobuf\protobuf-java\3.19.4\protobuf-java-3.19.4.jar;D:\maven-repo\junit\junit\4.13.2\junit-4.13.2.jar;D:\maven-repo\org\hamcrest\hamcrest-core\1.3\hamcrest-core-1.3.jar;"/>
    <property name="java.vm.vendor" value="Oracle Corporation"/>
    <property name="sun.arch.data.model" value="64"/>
    <property name="user.variant" value=""/>
    <property name="java.vendor.url" value="https://java.oracle.com/"/>
    <property name="user.timezone" value="Asia/Hong_Kong"/>
    <property name="os.name" value="Windows 10"/>
    <property name="java.vm.specification.version" value="17"/>
    <property name="sun.java.launcher" value="SUN_STANDARD"/>
    <property name="user.country" value="CN"/>
    <property name="sun.boot.library.path" value="C:\Users\Bian\.jdks\openjdk-17.0.2\bin"/>
    <property name="sun.java.command" value="C:\Users\Bian\AppData\Local\Temp\surefire11195238610437984232\surefirebooter-20230912002018003_3.jar C:\Users\Bian\AppData\Local\Temp\surefire11195238610437984232 2023-09-12T00-20-17_847-jvmRun1 surefire-20230912002018003_1tmp surefire_0-20230912002018003_2tmp"/>
    <property name="jdk.debug" value="release"/>
    <property name="surefire.test.class.path" value="D:\work\myselfmybatis\target\test-classes;D:\work\myselfmybatis\target\classes;D:\maven-repo\org\dom4j\dom4j\2.1.3\dom4j-2.1.3.jar;D:\maven-repo\jaxen\jaxen\1.2.0\jaxen-1.2.0.jar;D:\maven-repo\mysql\mysql-connector-java\8.0.30\mysql-connector-java-8.0.30.jar;D:\maven-repo\com\google\protobuf\protobuf-java\3.19.4\protobuf-java-3.19.4.jar;D:\maven-repo\junit\junit\4.13.2\junit-4.13.2.jar;D:\maven-repo\org\hamcrest\hamcrest-core\1.3\hamcrest-core-1.3.jar;"/>
    <property name="sun.cpu.endian" value="little"/>
    <property name="user.home" value="C:\Users\Bian"/>
    <property name="user.language" value="zh"/>
    <property name="java.specification.vendor" value="Oracle Corporation"/>
    <property name="java.version.date" value="2022-01-18"/>
    <property name="java.home" value="C:\Users\Bian\.jdks\openjdk-17.0.2"/>
    <property name="file.separator" value="\"/>
    <property name="basedir" value="D:\work\myselfmybatis"/>
    <property name="java.vm.compressedOopsMode" value="Zero based"/>
    <property name="line.separator" value="&#10;"/>
    <property name="java.vm.specification.vendor" value="Oracle Corporation"/>
    <property name="java.specification.name" value="Java Platform API Specification"/>
    <property name="surefire.real.class.path" value="C:\Users\Bian\AppData\Local\Temp\surefire11195238610437984232\surefirebooter-20230912002018003_3.jar"/>
    <property name="user.script" value=""/>
    <property name="sun.management.compiler" value="HotSpot 64-Bit Tiered Compilers"/>
    <property name="java.runtime.version" value="17.0.2+8-86"/>
    <property name="user.name" value="Bian"/>
    <property name="path.separator" value=";"/>
    <property name="os.version" value="10.0"/>
    <property name="java.runtime.name" value="OpenJDK Runtime Environment"/>
    <property name="file.encoding" value="GBK"/>
    <property name="java.vm.name" value="OpenJDK 64-Bit Server VM"/>
    <property name="localRepository" value="D:\maven-repo"/>
    <property name="java.vendor.url.bug" value="https://bugreport.java.com/bugreport/"/>
    <property name="java.io.tmpdir" value="C:\Users\Bian\AppData\Local\Temp\"/>
    <property name="idea.version" value="2023.1"/>
    <property name="java.version" value="17.0.2"/>
    <property name="user.dir" value="D:\work\myselfmybatis"/>
    <property name="os.arch" value="amd64"/>
    <property name="java.vm.specification.name" value="Java Virtual Machine Specification"/>
    <property name="sun.os.patch.level" value=""/>
    <property name="native.encoding" value="GBK"/>
    <property name="java.library.path" value="C:\Users\Bian\.jdks\openjdk-17.0.2\bin;C:\Windows\Sun\Java\bin;C:\Windows\system32;C:\Windows;E:\vm\bin\;C:\Program Files (x86)\Common Files\Oracle\Java\javapath;C:;Windows\system32;C:\Windows;C:\Windows\System32\Wbem;C:\Windows\System32\WindowsPowerShell\v1.0\;C:\Windows\System32\OpenSSH\;C:\Program Files (x86)\NVIDIA Corporation\PhysX\Common;C:\Program Files\NVIDIA Corporation\NVIDIA NvDLISR;C:\Program Files\dotnet\;C:\Program Files\Git\cmd;D:\jdk\bin;D:\jdk\jre\bin;&quot;C:\Windows\system32;C:\Windows;C:\Windows\System32\Wbem&quot;;D:\mingw64\mingw64\bin;E:\matlab2018b\runtime\win64;E:\matlab2018b\bin;E:\QT\5.0.0\msvc2010\bin;E:\QT\Tools\QtCreator\bin;C:\Strawberry\c\bin;C:\Strawberry\perl\site\bin;C:\Strawberry\perl\bin;E:\MySQL\MySQL Server 8.0\bin;C:\ProgramData\chocolatey\bin;D:\work\apache-maven-3.9.4\bin;D:\Node.js\;C:\Windows\System32;C:\Windows;C:\Windows\System32\Wbem;C:\Users\Bian\AppData\Local\Microsoft\WindowsApps;C:\Users\Bian\.dotnet\tools;C:\Users\Bian\anaconda3\envs\py38;C:\Users\Bian\anaconda3\envs\py38\Scripts;D:\CLion 2021.3\bin;;E:\GoLand 2023.1.4\bin;;D:\PyCharm 2021.3.2\bin;;D:\WebStorm 2023.2.1\bin;;D:\mingw\bin;D:\Quartus2\uninstall\win64;D:\Quartus2\model\win64;C:\modeltech64_10.4\win64;C:\Users\Bian\AppData\Local\Pandoc\;C:\Qt\Qt5.13.0\Tools\mingw730_32\bin;C:\Qt\Qt5.13.0\5.13.0\mingw73_32\bin;C:\Users\Bian\jdk1\jdk\bin;E:\IntelliJ IDEA 2023.1\bin;;D:\Microsoft VS Code\bin;C:\Users\Bian\AppData\Roaming\npm;D:\Node.js;;."/>
    <property name="java.vm.info" value="mixed mode, sharing"/>
    <property name="java.vendor" value="Oracle Corporation"/>
    <property name="java.vm.version" value="17.0.2+8-86"/>
    <property name="sun.io.unicode.encoding" value="UnicodeLittle"/>
    <property name="java.class.version" value="61.0"/>
  </properties>
  <testcase name="t1" classname="XMLParseByDom4jTest" time="0.458"/>
  <testcase name="XMLParseByDom4j" classname="XMLParseByDom4jTest" time="0.006">
    <system-out><![CDATA[dev
JDBC
UNPOOLED
{password=123456, driver=com.mysql.cj.jdbc.Driver, url=jdbc:mysql://localhost:3306/web, username=root}
[sqlMapper.xml]
]]></system-out>
  </testcase>
  <testcase name="XMLParseByDom4jTest2" classname="XMLParseByDom4jTest" time="0.001">
    <system-out><![CDATA[car
insertCar
insert into t_car(id,car_num,brand,guide_price,produce_time,car_type) values(null,#{carNum},#{brand},#{guidePrice},#{produceTime},#{carType})
selectCarByCarNum
com.nwu.mybatis.pojo.Car
select id,car_num carNum,brand,guide_price guidePrice,produce_time produceTime,car_type carType from t_car where car_num = #{carNum}
]]></system-out>
  </testcase>
</testsuite>